<?xml version="1.0" encoding="UTF-8"?>
<!-- Generated by org.testng.reporters.JUnitReportReporter -->
<testsuite hostname="DESKTOP-28EG1V0" failures="0" tests="2" name="qaclickacademy.MavenJava.AppiumTest" time="0.002" errors="0" timestamp="2021-04-22T19:50:38 IST" skipped="0">
  <testcase classname="qaclickacademy.MavenJava.AppiumTest" name="nativeAppAndroid" time="0.001"/>
  <system-out/>
  <testcase classname="qaclickacademy.MavenJava.AppiumTest" name="iOSApp" time="0.001"/>
  <system-out/>
</testsuite> <!-- qaclickacademy.MavenJava.AppiumTest -->
