<?xml version="1.0" encoding="UTF-8"?>
<!-- Generated by org.testng.reporters.JUnitReportReporter -->
<testsuite hostname="DESKTOP-28EG1V0" failures="0" tests="2" name="qaclickacademy.MavenJava.RESTAPITest" time="0.009" errors="0" timestamp="2021-04-22T19:50:38 IST" skipped="0">
  <testcase classname="qaclickacademy.MavenJava.RESTAPITest" name="postJira" time="0.001"/>
  <system-out/>
  <testcase classname="qaclickacademy.MavenJava.RESTAPITest" name="deleteTwitter" time="0.008"/>
  <system-out/>
</testsuite> <!-- qaclickacademy.MavenJava.RESTAPITest -->
