<?xml version="1.0" encoding="UTF-8"?>
<!-- Generated by org.testng.reporters.JUnitReportReporter -->
<testsuite skipped="0" hostname="DESKTOP-28EG1V0" name="qaclickacademy.MavenJava.RESTAPITest" tests="2" failures="0" timestamp="2021-04-22T20:41:16 IST" time="0.004" errors="0">
  <testcase name="postJira" time="0.001" classname="qaclickacademy.MavenJava.RESTAPITest"/>
  <system-out/>
  <testcase name="deleteTwitter" time="0.003" classname="qaclickacademy.MavenJava.RESTAPITest"/>
  <system-out/>
</testsuite> <!-- qaclickacademy.MavenJava.RESTAPITest -->
