<?xml version="1.0" encoding="UTF-8"?>
<!-- Generated by org.testng.reporters.JUnitReportReporter -->
<testsuite skipped="0" hostname="DESKTOP-28EG1V0" name="qaclickacademy.MavenJava.SeleniumTest" tests="2" failures="0" timestamp="2021-04-22T20:41:16 IST" time="0.000" errors="0">
  <testcase name="browserAutomation" time="0.000" classname="qaclickacademy.MavenJava.SeleniumTest"/>
  <system-out/>
  <testcase name="elementsUI" time="0.000" classname="qaclickacademy.MavenJava.SeleniumTest"/>
  <system-out/>
</testsuite> <!-- qaclickacademy.MavenJava.SeleniumTest -->
