<?xml version="1.0" encoding="UTF-8"?>
<!-- Generated by org.testng.reporters.JUnitReportReporter -->
<testsuite skipped="0" hostname="DESKTOP-28EG1V0" name="qaclickacademy.MavenJava.AppiumTest" tests="2" failures="0" timestamp="2021-04-22T20:41:01 IST" time="0.000" errors="0">
  <testcase name="nativeAppAndroid" time="0.000" classname="qaclickacademy.MavenJava.AppiumTest"/>
  <system-out/>
  <testcase name="iOSApp" time="0.000" classname="qaclickacademy.MavenJava.AppiumTest"/>
  <system-out/>
</testsuite> <!-- qaclickacademy.MavenJava.AppiumTest -->
